-------------------------------------------------------------------------------
Test set: com.everis.calculadorasimples.CalculadoraTest
-------------------------------------------------------------------------------
Tests run: 9, Failures: 1, Errors: 0, Skipped: 0, Time elapsed: 0.521 s <<< FAILURE! - in com.everis.calculadorasimples.CalculadoraTest
com.everis.calculadorasimples.CalculadoraTest.validaMultiplasSomasCSV(double, double, double)[2]  Time elapsed: 0.006 s  <<< FAILURE!
org.opentest4j.AssertionFailedError: expected: <6.0> but was: <5.0>
	at com.everis.calculadorasimples.CalculadoraTest.validaMultiplasSomasCSV(CalculadoraTest.java:66)

